11:24:48 AM - Projects in this build: 
    * tsconfig.app.json
    * tsconfig.node.json
    * tsconfig.json

11:24:48 AM - Project 'tsconfig.app.json' is up to date because newest input 'src/App.tsx' is older than output 'node_modules/.tmp/tsconfig.app.tsbuildinfo'

11:24:48 AM - Project 'tsconfig.node.json' is up to date because newest input 'vite.config.ts' is older than output 'node_modules/.tmp/tsconfig.node.tsbuildinfo'

11:24:48 AM - Project 'tsconfig.json' is out of date because buildinfo file 'tsconfig.tsbuildinfo' indicates that program needs to report errors.

11:24:48 AM - Building project '/home/ajeshs/code/1_works/prochure/tsconfig.json'...

node_modules/vite/dist/node/chunks/moduleRunnerTransport.d.ts(1,28): error TS2307: Cannot find module '#types/hmrPayload' or its corresponding type declarations.
node_modules/vite/dist/node/index.d.ts(3,223): error TS2307: Cannot find module '#types/hmrPayload' or its corresponding type declarations.
node_modules/vite/dist/node/index.d.ts(4,139): error TS2307: Cannot find module '#types/customEvent' or its corresponding type declarations.
node_modules/vite/dist/node/index.d.ts(7,41): error TS2307: Cannot find module 'rollup/parseAst' or its corresponding type declarations.
  There are types at '/home/ajeshs/code/1_works/prochure/node_modules/rollup/dist/parseAst.d.ts', but this result could not be resolved under your current 'moduleResolution' setting. Consider updating to 'node16', 'nodenext', or 'bundler'.
node_modules/vite/dist/node/index.d.ts(21,45): error TS2307: Cannot find module '#types/internal/terserOptions' or its corresponding type declarations.
node_modules/vite/dist/node/index.d.ts(23,109): error TS2307: Cannot find module '#types/internal/cssPreprocessorOptions' or its corresponding type declarations.
node_modules/vite/dist/node/index.d.ts(24,101): error TS2307: Cannot find module '#types/internal/lightningcssOptions' or its corresponding type declarations.
node_modules/vite/dist/node/index.d.ts(25,97): error TS2307: Cannot find module '#types/importGlob' or its corresponding type declarations.
node_modules/vite/dist/node/index.d.ts(26,56): error TS2307: Cannot find module '#types/metadata' or its corresponding type declarations.
node_modules/vite/dist/node/module-runner.d.ts(2,49): error TS2307: Cannot find module '#types/hot' or its corresponding type declarations.
node_modules/vite/dist/node/module-runner.d.ts(3,36): error TS2307: Cannot find module '#types/hmrPayload' or its corresponding type declarations.
node_modules/vite/dist/node/module-runner.d.ts(4,41): error TS2307: Cannot find module '#types/customEvent' or its corresponding type declarations.
11:24:52 AM - Updating unchanged output timestamps of project '/home/ajeshs/code/1_works/prochure/tsconfig.json'...

